commit 1331ba1a738e62f2734c2b651910b16113215cf4
Author: 2198764529 <2198764529@qq.com>
Date:   Wed Oct 11 15:29:41 2023 +0800

    vault backup: 2023-10-11 15:29:40

commit dd196516325cb2949d81dd1668d201731dd19c51
Author: 2198764529 <2198764529@qq.com>
Date:   Wed Oct 11 12:05:11 2023 +0800

    vault backup: 2023-10-11 12:05:11

commit 75d5d84b94ad03965bbdb672dab1b9d4e2fa75b3
Author: 2198764529 <2198764529@qq.com>
Date:   Tue Oct 10 19:52:14 2023 +0800

    vault backup: 2023-10-10 19:52:14

commit 0eedbc19b4b46eebab6582f43735f4357b17b5b1
Author: 2198764529 <2198764529@qq.com>
Date:   Tue Oct 10 19:41:59 2023 +0800

    vault backup: 2023-10-10 19:41:59

commit 4e8adbf443a31607f549ebe9aef8a63b5a70721c
Author: 2198764529 <2198764529@qq.com>
Date:   Tue Oct 10 19:36:59 2023 +0800

    vault backup: 2023-10-10 19:36:59

commit 76ab98474aa6048aea4aacdf47015e25b949bcda
Author: 2198764529 <2198764529@qq.com>
Date:   Tue Oct 10 09:35:25 2023 +0800

    vault backup: 2023-10-10 09:35:25

commit ffa44fe2d70c4e041fb2eaf9ec9049224511775f
Author: 2198764529 <2198764529@qq.com>
Date:   Mon Oct 9 17:10:22 2023 +0800

    vault backup: 2023-10-09 17:10:22

commit d15c0fad0fd826bf1832da44b3ce121a0a7ea8d7
Author: “2198764529” <“2198764529@qq.com”>
Date:   Wed Oct 4 16:56:48 2023 +0800

    vault backup: 2023-10-04 16:56:48

commit a7123048b428fdcfec21605c6eade9dc85c79df5
Author: “2198764529” <“2198764529@qq.com”>
Date:   Fri Sep 29 16:45:34 2023 +0800

    vault backup: 2023-09-29 16:45:33

commit d11c508dc40a5f2f33458f1069ceb4a847e215e0
Author: 2198764529 <2198764529@qq.com>
Date:   Thu Sep 28 19:09:00 2023 +0800

    vault backup: 2023-09-28 19:09:00

commit 4dc46b10c7ee495af6a8313fefc14a1f9ef00668
Author: 2198764529 <2198764529@qq.com>
Date:   Thu Sep 28 18:23:36 2023 +0800

    vault backup: 2023-09-28 18:23:36

commit 9c5f94b6caf16c575167179fda9158c7687b8869
Author: 2198764529 <2198764529@qq.com>
Date:   Thu Sep 28 16:29:15 2023 +0800

    vault backup: 2023-09-28 16:29:15

commit b7609f6acd1ac3ef999b3b999257a671e2a3dbef
Author: 2198764529 <2198764529@qq.com>
Date:   Thu Sep 28 15:59:30 2023 +0800

    vault backup: 2023-09-28 15:59:30

commit e980e6ae7ef9f99740e82a03c7dbc71e91a21b46
Author: 2198764529 <2198764529@qq.com>
Date:   Thu Sep 28 15:54:30 2023 +0800

    vault backup: 2023-09-28 15:54:30

commit 121779c00d34baae66e4045a797c5a999abdbce4
Author: 2198764529 <2198764529@qq.com>
Date:   Thu Sep 28 15:42:30 2023 +0800

    vault backup: 2023-09-28 15:42:30

commit 829cb47b6de92909a62cf91f62f50e399fde1308
Author: 2198764529 <2198764529@qq.com>
Date:   Thu Sep 28 15:26:30 2023 +0800

    vault backup: 2023-09-28 15:26:30

commit 92e2e67b3a679167df51b9fa330a26ec850a4404
Author: 2198764529 <2198764529@qq.com>
Date:   Thu Sep 28 12:41:53 2023 +0800

    vault backup: 2023-09-28 12:41:53

commit 7baedc8ea55e56fb7aea95306ef8c75657da35b2
Merge: 7940aaa e6b2dd2
Author: 2198764529 <2198764529@qq.com>
Date:   Thu Sep 28 12:41:26 2023 +0800

    Merge remote-tracking branch 'origin/master'

commit 7940aaa3bd85dd14a5d9454d271a202e43275ee8
Author: 2198764529 <2198764529@qq.com>
Date:   Thu Sep 28 12:35:14 2023 +0800

    vault backup: 2023-09-28 12:35:14

commit e6b2dd259782cb62fa236c55656c2b7f510d99b1
Author: 2198764529 <2198764529@qq.com>
Date:   Wed Sep 27 19:15:25 2023 +0800

    vault backup: 2023-09-27 19:15:25

commit f7b46abf3889e1c42403527ddefe5dae10b3afd2
Author: 2198764529 <2198764529@qq.com>
Date:   Wed Sep 27 19:10:29 2023 +0800

    vault backup: 2023-09-27 19:10:29

commit 53a76b67bdd23fbcafb684301620def7653d1063
Author: 2198764529 <2198764529@qq.com>
Date:   Wed Sep 27 08:29:48 2023 +0800

    vault backup: 2023-09-27 08:29:48

commit b0ffb3408b53fa7271e675b392d7925f62875888
Author: “2198764529” <“2198764529@qq.com”>
Date:   Wed Sep 27 02:04:40 2023 +0800

    vault backup: 2023-09-27 02:04:39

commit 560c2c10efe98b73ee17d70793d0e86cad238ff5
Author: “2198764529” <“2198764529@qq.com”>
Date:   Tue Sep 26 23:27:20 2023 +0800

    vault backup: 2023-09-26 23:27:20

commit 93798ed9dac7e6e2486ac3b97b3a153508324ecd
Author: “2198764529” <“2198764529@qq.com”>
Date:   Tue Sep 26 23:25:39 2023 +0800

    vault backup: 2023-09-26 23:25:39

commit 8c03f078e80efb3beac206f6eeda9eee958c1fa4
Author: “2198764529” <“2198764529@qq.com”>
Date:   Tue Sep 26 23:24:19 2023 +0800

    vault backup: 2023-09-26 23:24:19

commit 8873d71ec2b5ce66ad76395908283191f582520a
Author: “2198764529” <“2198764529@qq.com”>
Date:   Tue Sep 26 23:19:34 2023 +0800

    vault backup: 2023-09-26 23:19:34

commit 23d92fba65230b84b40a623bf544a2048a7e8b66
Author: “2198764529” <“2198764529@qq.com”>
Date:   Tue Sep 26 23:17:40 2023 +0800

    vault backup: 2023-09-26 23:17:40

commit bb339ade9bb7d738a8319f025fd29b25cd69be7b
Author: “2198764529” <“2198764529@qq.com”>
Date:   Tue Sep 26 23:16:22 2023 +0800

    vault backup: 2023-09-26 23:16:21

commit 3404aaad35fb7e18f0b720c719fa9e076ec2c34a
Author: “2198764529” <“2198764529@qq.com”>
Date:   Tue Sep 26 23:14:33 2023 +0800

    vault backup: 2023-09-26 23:14:33

commit 1245d9335701a071b692cbb10db264c874f6c38f
Author: “2198764529” <“2198764529@qq.com”>
Date:   Tue Sep 26 23:09:24 2023 +0800

    vault backup: 2023-09-26 23:09:24

commit b9f753fd6f6fa13444eaa1e895239283e016679b
Author: “2198764529” <“2198764529@qq.com”>
Date:   Tue Sep 26 23:04:33 2023 +0800

    vault backup: 2023-09-26 23:04:33

commit e0cb929d1e711b6c0ffb16d461e836b8fda2ecd0
Author: “2198764529” <“2198764529@qq.com”>
Date:   Tue Sep 26 22:59:33 2023 +0800

    vault backup: 2023-09-26 22:59:33

commit da5d08ab84937c86b452df94e3b8c75a6562a944
Author: “2198764529” <“2198764529@qq.com”>
Date:   Tue Sep 26 22:01:51 2023 +0800

    vault backup: 2023-09-26 22:01:51

commit 5a97f49dceb65d33f4c4dcdb19d6155825128af7
Author: “2198764529” <“2198764529@qq.com”>
Date:   Tue Sep 26 22:01:27 2023 +0800

    vault backup: 2023-09-26 22:01:27

commit 9fd47f110a397d2065d260adde71cd0fa9d1ae65
Author: 2198764529 <2198764529@qq.com>
Date:   Tue Sep 26 18:51:27 2023 +0800

    vault backup: 2023-09-26 18:51:27

commit 9d0d09fba31356d65720d35522398b10204758a2
Author: 2198764529 <2198764529@qq.com>
Date:   Tue Sep 26 18:33:52 2023 +0800

    vault backup: 2023-09-26 18:33:52

commit 9139ba83aaab01954325f4663f29af7f71425a5e
Author: 2198764529 <2198764529@qq.com>
Date:   Tue Sep 26 18:29:55 2023 +0800

    vault backup: 2023-09-26 18:29:55

commit a506ba0bcddf5f531a0db570dc7227f7a8774bab
Author: 2198764529 <2198764529@qq.com>
Date:   Tue Sep 26 17:39:13 2023 +0800

    vault backup: 2023-09-26 17:39:13

commit 7f1f318f1f08c5eeac0f24a5aba8435b61cf1f68
Author: 2198764529 <2198764529@qq.com>
Date:   Tue Sep 26 17:34:12 2023 +0800

    vault backup: 2023-09-26 17:34:12

commit 1dcf27bac6f7880f97dfb21058f6b913376106c5
Author: 2198764529 <2198764529@qq.com>
Date:   Tue Sep 26 15:02:41 2023 +0800

    vault backup: 2023-09-26 15:02:40

commit 072d3fca1c43c67deb17902447fb4b9795c2b3bf
Author: 2198764529 <2198764529@qq.com>
Date:   Tue Sep 26 14:57:41 2023 +0800

    vault backup: 2023-09-26 14:57:41

commit d4a405b6044274dad243ed8aa6db5331f459985e
Author: 2198764529 <2198764529@qq.com>
Date:   Tue Sep 26 14:46:52 2023 +0800

    vault backup: 2023-09-26 14:46:52

commit daa2aa8422e4ad98f4c68bef8e4edb29cd25b594
Author: 2198764529 <2198764529@qq.com>
Date:   Tue Sep 26 14:44:45 2023 +0800

    vault backup: 2023-09-26 14:44:45

commit 1432df203f2401eb67c5541ea29a5bc92b5d6b5a
Author: 2198764529 <2198764529@qq.com>
Date:   Tue Sep 26 14:40:35 2023 +0800

    vault backup: 2023-09-26 14:40:35

commit da6c532605c801e0e5b0a5d0b69d378263bc0847
Author: 2198764529 <2198764529@qq.com>
Date:   Tue Sep 26 14:37:40 2023 +0800

    vault backup: 2023-09-26 14:37:39

commit 44ad56602b6887c7aebad4b0c05e5fde5b99d551
Author: 2198764529 <2198764529@qq.com>
Date:   Tue Sep 26 14:36:28 2023 +0800

    vault backup: 2023-09-26 14:36:28

commit a6603479d7765d7ed17310512faabde37f2397f5
Author: 2198764529 <2198764529@qq.com>
Date:   Tue Sep 26 14:35:22 2023 +0800

    vault backup: 2023-09-26 14:35:22

commit 05c3ea19720bdf30a64ad09f8eb1dd436f827b4e
Author: 2198764529 <2198764529@qq.com>
Date:   Tue Sep 26 14:32:40 2023 +0800

    vault backup: 2023-09-26 14:32:39

commit e8270e63db89a9acb14c14ad9fd17ec11464bcff
Author: 2198764529 <2198764529@qq.com>
Date:   Tue Sep 26 14:30:31 2023 +0800

    vault backup: 2023-09-26 14:30:31

commit 2c3af6990317279934989a80a7327ea9cc3423eb
Author: 2198764529 <2198764529@qq.com>
Date:   Tue Sep 26 14:27:40 2023 +0800

    vault backup: 2023-09-26 14:27:40

commit 95026f9c2ba26ebefc131794c9bc73c29398ec95
Author: 2198764529 <2198764529@qq.com>
Date:   Tue Sep 26 14:22:40 2023 +0800

    vault backup: 2023-09-26 14:22:39

commit 2b7a7bf950984ab74ba0be1ef41262c8f3b36605
Author: 2198764529 <2198764529@qq.com>
Date:   Tue Sep 26 14:22:06 2023 +0800

    vault backup: 2023-09-26 14:22:06

commit e40da45495de5ae287ca690926391dd8d0b6a089
Author: 2198764529 <2198764529@qq.com>
Date:   Tue Sep 26 12:55:39 2023 +0800

    vault backup: 2023-09-26 12:55:39

commit a6d9f83823b2b3ccf6f4826a24986458781f4ed0
Author: 2198764529 <2198764529@qq.com>
Date:   Tue Sep 26 12:44:41 2023 +0800

    vault backup: 2023-09-26 12:44:41

commit a014b1f6e1b2ba3573114274296239db774152c5
Author: 2198764529 <2198764529@qq.com>
Date:   Tue Sep 26 12:39:41 2023 +0800

    vault backup: 2023-09-26 12:39:40

commit f2b97ce75d4fdec22b26bcbfa3cb23ed15520f73
Author: 2198764529 <2198764529@qq.com>
Date:   Tue Sep 26 12:19:41 2023 +0800

    vault backup: 2023-09-26 12:19:40

commit a68a88a0daa2d3a8c768ccb0acf3571f4c5c3b92
Author: 2198764529 <2198764529@qq.com>
Date:   Tue Sep 26 12:14:41 2023 +0800

    vault backup: 2023-09-26 12:14:40

commit ff03eea2adfdfcd568eb26f70a84eae9cae5f421
Author: 2198764529 <2198764529@qq.com>
Date:   Tue Sep 26 11:47:37 2023 +0800

    vault backup: 2023-09-26 11:47:37

commit 9cd4940f5f313ee7fa7ac898676bf28868c81fe0
Author: 2198764529 <2198764529@qq.com>
Date:   Tue Sep 26 11:44:40 2023 +0800

    vault backup: 2023-09-26 11:44:40

commit 7b411bf97c50e2a2aa363e2247f1e053a08cc991
Author: 2198764529 <2198764529@qq.com>
Date:   Tue Sep 26 11:39:40 2023 +0800

    vault backup: 2023-09-26 11:39:40

commit dc90ffdb91ea67d5362e6f4ae381a27c982148ed
Author: 2198764529 <2198764529@qq.com>
Date:   Tue Sep 26 11:37:51 2023 +0800

    themes/book

commit 65082ff6e8244d8ba98d922f2cf75f119872e9c4
Author: 2198764529 <2198764529@qq.com>
Date:   Tue Sep 26 11:19:40 2023 +0800

    vault backup: 2023-09-26 11:19:40

commit 797512d84ee67e619e236e91dcb6e3deb2763454
Author: 2198764529 <2198764529@qq.com>
Date:   Tue Sep 26 11:14:40 2023 +0800

    vault backup: 2023-09-26 11:14:40

commit e2b36bf4e8dea6c4a30c7b2b15926add0c749198
Author: 2198764529 <2198764529@qq.com>
Date:   Tue Sep 26 11:08:10 2023 +0800

    vault backup: 2023-09-26 11:08:10

commit b6241b12d9c51c17cbe60e80efdc753c5e5ff4d8
Author: 2198764529 <2198764529@qq.com>
Date:   Tue Sep 26 11:04:40 2023 +0800

    vault backup: 2023-09-26 11:04:40

commit 47ddda4281b488f370dacd16269304a86dd6361e
Author: 2198764529 <2198764529@qq.com>
Date:   Tue Sep 26 10:59:40 2023 +0800

    vault backup: 2023-09-26 10:59:40

commit e903f92480a691b1eea3b6b26f99702a527f3752
Author: 2198764529 <2198764529@qq.com>
Date:   Tue Sep 26 10:54:49 2023 +0800

    vault backup: 2023-09-26 10:54:49

commit a2836cfd8629923e411562f3aa8682234dc52a9a
Author: 2198764529 <2198764529@qq.com>
Date:   Tue Sep 26 10:53:38 2023 +0800

    vault backup: 2023-09-26 10:53:38

commit 33153da4c1ae29db24f5de164da1ba0a8f1edce1
Merge: 9d81729 320f6bd
Author: 2198764529 <2198764529@qq.com>
Date:   Tue Sep 26 10:49:44 2023 +0800

    Merge remote-tracking branch 'origin/master'

commit 9d81729cdd6e2aacc4cf93ebadb9cd021d8005a4
Author: 2198764529 <2198764529@qq.com>
Date:   Tue Sep 26 10:49:40 2023 +0800

    vault backup: 2023-09-26 10:49:40

commit 320f6bdbcb3328aadbdde417bd6edbed9ca2cb1f
Author: 2198764529 <2198764529@qq.com>
Date:   Mon Sep 25 22:41:28 2023 +0800

    vault backup: 2023-09-25 22:41:28

commit 389665331707225185eebbab0f981f502f0ab0ae
Author: 2198764529 <2198764529@qq.com>
Date:   Mon Sep 25 22:36:19 2023 +0800

    vault backup: 2023-09-25 22:36:19

commit f16f5425b38f6d1a3bc0a2e76aaec7a69b030c79
Author: 2198764529 <2198764529@qq.com>
Date:   Mon Sep 25 20:52:43 2023 +0800

    vault backup: 2023-09-25 20:52:43

commit bd9a1dad2f3fe1568bef3112c64526190dec5053
Author: 2198764529 <2198764529@qq.com>
Date:   Mon Sep 25 19:57:41 2023 +0800

    vault backup: 2023-09-25 19:57:41

commit c5feecac119bc348a5987a5e47f64032fd88e835
Author: 2198764529 <2198764529@qq.com>
Date:   Mon Sep 25 19:42:40 2023 +0800

    vault backup: 2023-09-25 19:42:40

commit eab405b676023fe92693b2062e66da2fbd96fd10
Author: 2198764529 <2198764529@qq.com>
Date:   Mon Sep 25 19:33:12 2023 +0800

    vault backup: 2023-09-25 19:33:12

commit d80f23e27b2b7924a71ae996185128782a391ca0
Author: 2198764529 <2198764529@qq.com>
Date:   Mon Sep 25 19:32:40 2023 +0800

    vault backup: 2023-09-25 19:32:39

commit 694e2bfc9e546447d85204b01902ff6e29e900b1
Author: 2198764529 <2198764529@qq.com>
Date:   Mon Sep 25 19:27:37 2023 +0800

    vault backup: 2023-09-25 19:27:37

commit c4b042d10b5b90c344ffa8f7de7496a1876ed495
Author: 2198764529 <2198764529@qq.com>
Date:   Mon Sep 25 19:26:13 2023 +0800

    vault backup: 2023-09-25 19:26:13

commit e6cb5ee3fea5055b6cfa2a3d3377f2bd4f936a11
Author: 2198764529 <2198764529@qq.com>
Date:   Mon Sep 25 19:24:52 2023 +0800

    vault backup: 2023-09-25 19:24:52

commit 73bec485f00b0f712ab681595bc05c3c95f2c5a4
Author: 2198764529 <2198764529@qq.com>
Date:   Mon Sep 25 19:22:40 2023 +0800

    vault backup: 2023-09-25 19:22:39

commit 3221a8e11d8566c7abe6577a6442ed84fb4e7bb2
Author: 2198764529 <2198764529@qq.com>
Date:   Mon Sep 25 19:21:24 2023 +0800

    vault backup: 2023-09-25 19:21:24

commit 34cba8c0295ba094832a414eb4f0c17328532d0b
Author: 2198764529 <2198764529@qq.com>
Date:   Mon Sep 25 19:18:43 2023 +0800

    vault backup: 2023-09-25 19:18:43

commit 111bbad34521cb35ea012f4343c2591320b1f0f8
Author: 2198764529 <2198764529@qq.com>
Date:   Mon Sep 25 19:08:28 2023 +0800

    vault backup: 2023-09-25 19:08:28

commit 2859854ca61f0054b491e686c5b39932996d3cb1
Author: 2198764529 <2198764529@qq.com>
Date:   Mon Sep 25 18:20:56 2023 +0800

    vault backup: 2023-09-25 18:20:55

commit 498edd9c340e389298027d2956c96251b037d2bc
Author: 2198764529 <2198764529@qq.com>
Date:   Mon Sep 25 18:13:39 2023 +0800

    vault backup: 2023-09-25 18:13:39

commit bb7d55fe2254d2bcff542db64d8cf598d05a8be6
Author: 2198764529 <2198764529@qq.com>
Date:   Mon Sep 25 18:03:02 2023 +0800

    vault backup: 2023-09-25 18:03:02

commit d2a5b79036b3c1d191ce3f71803d2765ec4aab73
Author: 2198764529 <2198764529@qq.com>
Date:   Mon Sep 25 18:01:02 2023 +0800

    vault backup: 2023-09-25 18:01:02

commit b49e041f0ee10793877a03e1310298bf9da04d98
Author: 2198764529 <2198764529@qq.com>
Date:   Mon Sep 25 17:59:47 2023 +0800

    vault backup: 2023-09-25 17:59:47

commit d7c697e8f8d32d00efd31f2999d2d50331a66a64
Author: 2198764529 <2198764529@qq.com>
Date:   Mon Sep 25 17:58:38 2023 +0800

    vault backup: 2023-09-25 17:58:38

commit d0df537cce4c8ba57834456701a458bfdb214fbd
Author: 2198764529 <2198764529@qq.com>
Date:   Mon Sep 25 17:52:43 2023 +0800

    vault backup: 2023-09-25 17:52:43

commit 522b43cc72141014a63bec41b5ce83fbbe90788d
Author: 2198764529 <2198764529@qq.com>
Date:   Mon Sep 25 17:46:38 2023 +0800

    vault backup: 2023-09-25 17:46:38

commit e39ee8d7c721b29079577adb490b436633e73761
Author: 2198764529 <2198764529@qq.com>
Date:   Mon Sep 25 17:03:11 2023 +0800

    vault backup: 2023-09-25 17:03:10

commit 302e7d50319c0ed669a7ced483f5966c4006b060
Author: 2198764529 <2198764529@qq.com>
Date:   Mon Sep 25 17:01:59 2023 +0800

    vault backup: 2023-09-25 17:01:59

commit c1d7e9491ee1a8c75a8e402a1faa9dd3f4a6d839
Author: 2198764529 <2198764529@qq.com>
Date:   Mon Sep 25 17:01:03 2023 +0800

    vault backup: 2023-09-25 17:01:03

commit bd969b0a397251f9280b4fb0b9547dd58b5247af
Author: 2198764529 <2198764529@qq.com>
Date:   Mon Sep 25 16:56:03 2023 +0800

    vault backup: 2023-09-25 16:56:03

commit cdd523ebb2f94a24abcf29344af75e2fbe4676d4
Author: 2198764529 <2198764529@qq.com>
Date:   Mon Sep 25 16:51:03 2023 +0800

    vault backup: 2023-09-25 16:51:03

commit 0771da52bf6a8ee55e4a66689a6c5ade7b04c07f
Author: 2198764529 <2198764529@qq.com>
Date:   Mon Sep 25 16:46:03 2023 +0800

    vault backup: 2023-09-25 16:46:03

commit 7b7fd4570e0ec8131e53bd8e52acddf22c22c10d
Author: 2198764529 <2198764529@qq.com>
Date:   Mon Sep 25 16:35:42 2023 +0800

    vault backup: 2023-09-25 16:35:42

commit 833abc90a4c872721da92fa601bdfff5de7084db
Author: 2198764529 <2198764529@qq.com>
Date:   Mon Sep 25 16:30:42 2023 +0800

    vault backup: 2023-09-25 16:30:42

commit 14eba7179db4cdf9970a1144b22bc1db3e502bb8
Author: 2198764529 <2198764529@qq.com>
Date:   Mon Sep 25 16:25:42 2023 +0800

    vault backup: 2023-09-25 16:25:42

commit 9d05ab5415cf8203cc1a9afb92d1d0259075dea0
Author: 2198764529 <2198764529@qq.com>
Date:   Mon Sep 25 16:20:42 2023 +0800

    vault backup: 2023-09-25 16:20:42

commit 9c2e3da1bc18738b647b7efe3fde33f1fad77e29
Author: 2198764529 <2198764529@qq.com>
Date:   Mon Sep 25 16:15:42 2023 +0800

    vault backup: 2023-09-25 16:15:42

commit 9df1fdcd78d0233609148f69729a9abf26584db0
Author: 2198764529 <2198764529@qq.com>
Date:   Mon Sep 25 16:10:42 2023 +0800

    vault backup: 2023-09-25 16:10:42

commit d43df2a068e0db21f4e2dde7c4d0a5e08a66839a
Author: 2198764529 <2198764529@qq.com>
Date:   Mon Sep 25 16:05:42 2023 +0800

    vault backup: 2023-09-25 16:05:42

commit c8da59f7373ac488e9b57b4e883d69246dc24181
Author: 2198764529 <2198764529@qq.com>
Date:   Mon Sep 25 16:00:42 2023 +0800

    vault backup: 2023-09-25 16:00:42

commit cfdfce23f4859b8814bf83a36a9254e465fb2c61
Author: 2198764529 <2198764529@qq.com>
Date:   Mon Sep 25 15:55:42 2023 +0800

    vault backup: 2023-09-25 15:55:42

commit f38eba5a3414fe41356dbcf7dfb2f91585ed12b0
Author: 2198764529 <2198764529@qq.com>
Date:   Mon Sep 25 15:50:42 2023 +0800

    vault backup: 2023-09-25 15:50:42

commit bcf67453e410be05e2ef0ebc06f2b24391d569df
Author: 2198764529 <2198764529@qq.com>
Date:   Mon Sep 25 15:40:42 2023 +0800

    vault backup: 2023-09-25 15:40:42

commit 8563773771845b3d16d770cd39cdd7b5c919df99
Author: 2198764529 <2198764529@qq.com>
Date:   Mon Sep 25 15:36:10 2023 +0800

    vault backup: 2023-09-25 15:36:10

commit 9c60ab49ab666fa5d87d76474ca3bce048166027
Author: 2198764529 <2198764529@qq.com>
Date:   Mon Sep 25 15:33:47 2023 +0800

    vault backup: 2023-09-25 15:33:47

commit 9ba8bef11364fe0f07f21366f5242eb7c3d02310
Author: 2198764529 <2198764529@qq.com>
Date:   Mon Sep 25 15:30:02 2023 +0800

    vault backup: 2023-09-25 15:30:02

commit ecccec0b75c87b06f5c3bfca78c043f4d26ac4b7
Author: 2198764529 <2198764529@qq.com>
Date:   Mon Sep 25 15:25:38 2023 +0800

    vault backup: 2023-09-25 15:25:38

commit 6271263c0d782acbfd06f31d2ede93b6c494105d
Author: 2198764529 <2198764529@qq.com>
Date:   Mon Sep 25 15:18:28 2023 +0800

    vault backup: 2023-09-25 15:18:28

commit 7e7b55d82196c8c7c62681923364640aeb2d696e
Author: 2198764529 <2198764529@qq.com>
Date:   Mon Sep 25 15:16:39 2023 +0800

    vault backup: 2023-09-25 15:16:38

commit 82caa10b01be9b201f1474f0fa6be7a8b6910802
Author: 2198764529 <2198764529@qq.com>
Date:   Mon Sep 25 15:14:22 2023 +0800

    vault backup: 2023-09-25 15:14:22

commit f4ee5f055573e685f15198d35f359102e1a7e521
Author: 2198764529 <2198764529@qq.com>
Date:   Mon Sep 25 15:10:14 2023 +0800

    vault backup: 2023-09-25 15:10:14

commit 14efc6355f11f6b7e9cae684617c70d29c4bebfc
Author: 2198764529 <2198764529@qq.com>
Date:   Mon Sep 25 15:08:23 2023 +0800

    vault backup: 2023-09-25 15:08:23

commit 7d19ca34845b720b950dfceae4926da47e48affd
Author: 2198764529 <2198764529@qq.com>
Date:   Mon Sep 25 14:59:36 2023 +0800

    vault backup: 2023-09-25 14:59:36

commit d3796ecb3d7b2a92498e6df7dbd7c87a869662aa
Author: 2198764529 <2198764529@qq.com>
Date:   Mon Sep 25 14:58:01 2023 +0800

    vault backup: 2023-09-25 14:58:00

commit 96fe2fc5ea00bd7cee6c1fbd745713e630ae6e4a
Author: 2198764529 <2198764529@qq.com>
Date:   Mon Sep 25 14:50:40 2023 +0800

    vault backup: 2023-09-25 14:50:40

commit 06536c1cc9b00932c75c35bb3ae91985b6949f38
Author: 2198764529 <2198764529@qq.com>
Date:   Mon Sep 25 14:45:40 2023 +0800

    vault backup: 2023-09-25 14:45:39

commit 5f95d80775896d29fbdfb4a140be41f19c34693a
Author: 2198764529 <2198764529@qq.com>
Date:   Mon Sep 25 14:40:39 2023 +0800

    vault backup: 2023-09-25 14:40:39

commit a5c2ebd4453cfa680a36704eae4d687031a50f88
Author: 2198764529 <2198764529@qq.com>
Date:   Mon Sep 25 14:35:39 2023 +0800

    vault backup: 2023-09-25 14:35:39

commit 1f57d077355a6b5e90a9713250fc0030e305e62a
Author: 2198764529 <2198764529@qq.com>
Date:   Mon Sep 25 14:30:38 2023 +0800

    vault backup: 2023-09-25 14:30:38

commit 3862e17064502ad090cac630eb574f52e14a733a
Author: 2198764529 <2198764529@qq.com>
Date:   Mon Sep 25 14:25:38 2023 +0800

    vault backup: 2023-09-25 14:25:38

commit 057cc4c9f5521812e6f4ec78953b0bb48c7a7111
Author: 2198764529 <2198764529@qq.com>
Date:   Mon Sep 25 14:20:38 2023 +0800

    vault backup: 2023-09-25 14:20:38

commit 68dbed21c03bd364f67c606615c35d98f2d91cdb
Author: 2198764529 <2198764529@qq.com>
Date:   Mon Sep 25 14:15:38 2023 +0800

    vault backup: 2023-09-25 14:15:38

commit c3d8f1e1844db0c105fe879a92a12d4549cf4b94
Author: 2198764529 <2198764529@qq.com>
Date:   Mon Sep 25 14:10:38 2023 +0800

    vault backup: 2023-09-25 14:10:38

commit 42f5c2a12618927a0cd3f4b08d48c9dcecc523cb
Author: 2198764529 <2198764529@qq.com>
Date:   Mon Sep 25 12:54:55 2023 +0800

    vault backup: 2023-09-25 12:54:55

commit 0ff16c52aca6cec3a83e07a84901fce9c3f697da
Author: 2198764529 <2198764529@qq.com>
Date:   Mon Sep 25 12:49:36 2023 +0800

    vault backup: 2023-09-25 12:49:36

commit 3734adf49c2476ec68c666df35732a02e33243a4
Author: 2198764529 <2198764529@qq.com>
Date:   Mon Sep 25 12:44:39 2023 +0800

    vault backup: 2023-09-25 12:44:39

commit a3e52373e758d67730157b81f141cbb800770135
Author: 2198764529 <2198764529@qq.com>
Date:   Mon Sep 25 12:04:39 2023 +0800

    vault backup: 2023-09-25 12:04:39

commit c447198ca190038d7606a94e0e1da60f423f25c0
Author: 2198764529 <2198764529@qq.com>
Date:   Mon Sep 25 11:59:38 2023 +0800

    vault backup: 2023-09-25 11:59:38

commit 44187e6675bf4585b46466406870f6e380b7809b
Author: 2198764529 <2198764529@qq.com>
Date:   Mon Sep 25 11:54:38 2023 +0800

    vault backup: 2023-09-25 11:54:38

commit 12e9206d4acc89de5f931fc85c04d84c4ed0d704
Author: 2198764529 <2198764529@qq.com>
Date:   Mon Sep 25 11:49:38 2023 +0800

    vault backup: 2023-09-25 11:49:38

commit 7cbae460dc0b0b3ee96d2e20362c8c657e5c2d87
Author: 2198764529 <2198764529@qq.com>
Date:   Mon Sep 25 11:44:38 2023 +0800

    vault backup: 2023-09-25 11:44:38

commit 25141cc464235b942f64155fdcb3cc536e62ce56
Author: 2198764529 <2198764529@qq.com>
Date:   Mon Sep 25 11:39:38 2023 +0800

    vault backup: 2023-09-25 11:39:38

commit ece0a2df65fe316e3b3f9c8f6e87dae73a4f2ad6
Author: 2198764529 <2198764529@qq.com>
Date:   Mon Sep 25 11:34:38 2023 +0800

    vault backup: 2023-09-25 11:34:38

commit 2e2b5be22f65bb2713b1d1c5d26bd408927662ba
Author: 2198764529 <2198764529@qq.com>
Date:   Mon Sep 25 11:29:38 2023 +0800

    vault backup: 2023-09-25 11:29:38

commit 6d849fe67c6634c8b7fccd12756b2d5cc85de48b
Author: 2198764529 <2198764529@qq.com>
Date:   Mon Sep 25 11:24:38 2023 +0800

    vault backup: 2023-09-25 11:24:38

commit e11c3f024367cd680264e8c653a6876cf2ad8d47
Author: 2198764529 <2198764529@qq.com>
Date:   Mon Sep 25 11:19:38 2023 +0800

    vault backup: 2023-09-25 11:19:38

commit 6dec9715ca4069dd5429cfbfffe9d778d4593d78
Author: 2198764529 <2198764529@qq.com>
Date:   Mon Sep 25 10:59:38 2023 +0800

    vault backup: 2023-09-25 10:59:38

commit b1f192d37432fc8aa6c8f587b7f90fcaa3a491ff
Author: 2198764529 <2198764529@qq.com>
Date:   Mon Sep 25 10:54:38 2023 +0800

    vault backup: 2023-09-25 10:54:38

commit 00e03c149152cbc8e39996921b5870c3b9c265d6
Author: 2198764529 <2198764529@qq.com>
Date:   Mon Sep 25 10:49:38 2023 +0800

    vault backup: 2023-09-25 10:49:38

commit f2da58d6b298faa77f9f1c75b4526705bffa4903
Merge: 02764c9 688f401
Author: 2198764529 <2198764529@qq.com>
Date:   Mon Sep 25 10:44:41 2023 +0800

    Merge remote-tracking branch 'origin/matser' into matser

commit 02764c948ff633836b10823c361e936bce817e09
Author: 2198764529 <2198764529@qq.com>
Date:   Mon Sep 25 10:44:38 2023 +0800

    vault backup: 2023-09-25 10:44:38

commit 688f4015f75114d6fdeed180e229c66630c7a06c
Author: 2198764529 <2198764529@qq.com>
Date:   Sun Sep 24 17:11:07 2023 +0800

    vault backup: 2023-09-24 17:11:07

commit a48b16dde798bd99503fda733a10f4465cb5d6c4
Author: 2198764529 <2198764529@qq.com>
Date:   Sun Sep 24 17:06:06 2023 +0800

    vault backup: 2023-09-24 17:06:06

commit 74377e1a5873a4026cfffda4a5e2acc747fb3d9f
Author: 2198764529 <2198764529@qq.com>
Date:   Sun Sep 24 16:56:04 2023 +0800

    vault backup: 2023-09-24 16:56:04

commit e5b3ec373147b47781626cb50cf268bffabf2e32
Author: 2198764529 <2198764529@qq.com>
Date:   Sun Sep 24 15:55:57 2023 +0800

    vault backup: 2023-09-24 15:55:57

commit af9dacef4a85b493c2ec2db488c93cf1fb6d12f0
Author: 2198764529 <2198764529@qq.com>
Date:   Sun Sep 24 14:41:54 2023 +0800

    vault backup: 2023-09-24 14:41:54

commit a4b6a178cf9e8cb2fcde6dc055c5b2169bef1a27
Author: 2198764529 <2198764529@qq.com>
Date:   Sun Sep 24 14:25:24 2023 +0800

    vault backup: 2023-09-24 14:25:24

commit 921b777ffdf9d1b2d22a945fc432bc15ddb8f45d
Merge: 99a93c3 f55350f
Author: 2198764529 <2198764529@qq.com>
Date:   Sun Sep 24 14:22:05 2023 +0800

    Merge branch 'origin/matser' into matser

commit 99a93c3d19da7e44777b1b5879656a42ea04535d
Author: 2198764529 <2198764529@qq.com>
Date:   Sun Sep 24 14:20:23 2023 +0800

    vault backup: 2023-09-24 14:20:23

commit 88fc9193cffca832c2c92c4fb35296b4101b50f1
Author: 2198764529 <2198764529@qq.com>
Date:   Sun Sep 24 14:15:22 2023 +0800

    vault backup: 2023-09-24 14:15:22

commit f55350fa5cbdba97d6c4a7a7bbab7819fd5dcc76
Author: 2198764529 <2198764529@qq.com>
Date:   Fri Sep 22 15:20:33 2023 +0800

    vault backup: 2023-09-22 15:20:33

commit 682731e299399827eab83c148e053fbd33641517
Author: 2198764529 <2198764529@qq.com>
Date:   Thu Sep 21 18:01:49 2023 +0800

    vault backup: 2023-09-21 18:01:49

commit 1bd5b20b68b87bffe25a3c76d22349e5530cd5a5
Merge: f54d431 769c630
Author: 2198764529 <2198764529@qq.com>
Date:   Thu Sep 21 17:56:52 2023 +0800

    Merge remote-tracking branch 'origin/matser' into matser

commit f54d4318e10b82bdc5d989381dbf819f17dd7bb4
Author: 2198764529 <2198764529@qq.com>
Date:   Thu Sep 21 17:56:49 2023 +0800

    vault backup: 2023-09-21 17:56:49

commit 769c6309693e7ee36f69716cf80d5f789108c1b7
Author: 2198764529 <2198764529@qq.com>
Date:   Thu Sep 21 17:51:28 2023 +0800

    vault backup: 2023-09-21 17:51:28

commit 5d7d5efdba799c2182e5751d694a3e22c2fa57ee
Author: 2198764529 <2198764529@qq.com>
Date:   Thu Sep 21 17:49:21 2023 +0800

    vault backup: 2023-09-21 17:49:21

commit c634aa557bd72227888c7c63988ebffade40b65d
Author: 2198764529 <2198764529@qq.com>
Date:   Thu Sep 21 17:46:49 2023 +0800

    vault backup: 2023-09-21 17:46:49

commit 17f12bdc5901e4b1fb007d557c5b7e037f7600ff
Author: 2198764529 <2198764529@qq.com>
Date:   Thu Sep 21 17:31:49 2023 +0800

    vault backup: 2023-09-21 17:31:49

commit 75db9da3da892f96fdecf250df93f921fdf0fb13
Author: 2198764529 <2198764529@qq.com>
Date:   Thu Sep 21 17:26:49 2023 +0800

    vault backup: 2023-09-21 17:26:49

commit ec382c58973dedef36b4f5af79cd7fa8781d95e9
Author: 2198764529 <2198764529@qq.com>
Date:   Thu Sep 21 17:11:49 2023 +0800

    vault backup: 2023-09-21 17:11:48

commit 0d1bea0d3176ab67d5042077ad50f9a5f718abfa
Author: 2198764529 <2198764529@qq.com>
Date:   Thu Sep 21 17:06:49 2023 +0800

    vault backup: 2023-09-21 17:06:49

commit 8d94f0ae4a7d1da7e086f4a1c9051d016606f691
Author: 2198764529 <2198764529@qq.com>
Date:   Thu Sep 21 17:01:49 2023 +0800

    vault backup: 2023-09-21 17:01:49

commit c5989d77a08e2ff135d8abd012646427d5c1b672
Author: 2198764529 <2198764529@qq.com>
Date:   Thu Sep 21 16:56:49 2023 +0800

    vault backup: 2023-09-21 16:56:48

commit b806f3ebc25758acae885f149d082ba07c5e31ba
Author: 2198764529 <2198764529@qq.com>
Date:   Thu Sep 21 16:51:49 2023 +0800

    vault backup: 2023-09-21 16:51:48

commit 8f336b6d984b43d86263cbbe7efe060be5dee3c8
Author: 2198764529 <2198764529@qq.com>
Date:   Thu Sep 21 16:46:49 2023 +0800

    vault backup: 2023-09-21 16:46:48

commit d18ab3e785239b9d50f126e42d4ed1ad6b94dac1
Author: 2198764529 <2198764529@qq.com>
Date:   Thu Sep 21 16:41:49 2023 +0800

    vault backup: 2023-09-21 16:41:48

commit ea093e01e5b3a163176c7dba693b2a140efc7867
Author: 2198764529 <2198764529@qq.com>
Date:   Thu Sep 21 16:36:49 2023 +0800

    vault backup: 2023-09-21 16:36:48

commit 928ddfd61f81b2e5328b9e4ff1d7a838d4c2cb42
Author: 2198764529 <2198764529@qq.com>
Date:   Thu Sep 21 16:31:49 2023 +0800

    vault backup: 2023-09-21 16:31:48

commit 414e1d4ff5bec1d75aff2c9a7679ab571f0961a4
Author: 2198764529 <2198764529@qq.com>
Date:   Thu Sep 21 16:21:48 2023 +0800

    vault backup: 2023-09-21 16:21:48

commit 4dee42f645323ec255c9c0006c78c6c94abbed33
Author: 2198764529 <2198764529@qq.com>
Date:   Thu Sep 21 16:16:48 2023 +0800

    vault backup: 2023-09-21 16:16:48

commit d979b61537ac4cd4bc7d1eff050a1c6f449bc2f3
Author: 2198764529 <2198764529@qq.com>
Date:   Thu Sep 21 16:11:48 2023 +0800

    vault backup: 2023-09-21 16:11:48

commit 2560cc6d63fd8a7b8f17188fd565a01de9dedba4
Author: 2198764529 <2198764529@qq.com>
Date:   Thu Sep 21 16:06:48 2023 +0800

    vault backup: 2023-09-21 16:06:48

commit e2ad83a993bb4cd4f90a657253cc5b2652cd17ba
Author: 2198764529 <2198764529@qq.com>
Date:   Thu Sep 21 15:46:48 2023 +0800

    vault backup: 2023-09-21 15:46:48

commit c14a4a4dde0fadccb45ba0944f814a1764e70301
Author: 2198764529 <2198764529@qq.com>
Date:   Thu Sep 21 15:41:48 2023 +0800

    vault backup: 2023-09-21 15:41:48

commit 364ec0d3865c3c010f63c49151592d8a2d657fb4
Author: 2198764529 <2198764529@qq.com>
Date:   Thu Sep 21 15:36:48 2023 +0800

    vault backup: 2023-09-21 15:36:48

commit 521766ceee51fcdecd1cb88f683b983de89208cf
Author: 2198764529 <2198764529@qq.com>
Date:   Thu Sep 21 15:31:48 2023 +0800

    vault backup: 2023-09-21 15:31:48

commit 7bc6e01545d797d81f2f069d68a18548d763122b
Author: 2198764529 <2198764529@qq.com>
Date:   Thu Sep 21 15:26:48 2023 +0800

    vault backup: 2023-09-21 15:26:48

commit 0a2ed32121a104e21b2f21a631b237f82824f322
Author: 2198764529 <2198764529@qq.com>
Date:   Thu Sep 21 15:21:48 2023 +0800

    vault backup: 2023-09-21 15:21:48

commit f314e863dbc26b2ac1c9d5638e0f116797eb1fff
Author: 2198764529 <2198764529@qq.com>
Date:   Thu Sep 21 15:16:48 2023 +0800

    vault backup: 2023-09-21 15:16:48

commit 09dcec1f9df54b17537bd8957c8b5324f4cff07d
Author: 2198764529 <2198764529@qq.com>
Date:   Thu Sep 21 15:06:48 2023 +0800

    vault backup: 2023-09-21 15:06:48

commit 698e876956359223f8a0f0bc8ed1cb186ccb035b
Author: 2198764529 <2198764529@qq.com>
Date:   Thu Sep 21 15:01:48 2023 +0800

    vault backup: 2023-09-21 15:01:48

commit d760ad4ab36605fa6e4c3a8ea03a208626c092b8
Author: 2198764529 <2198764529@qq.com>
Date:   Thu Sep 21 14:56:48 2023 +0800

    vault backup: 2023-09-21 14:56:48

commit 95adb240be2208972528c403f67b07e641acd0df
Author: 2198764529 <2198764529@qq.com>
Date:   Thu Sep 21 14:51:48 2023 +0800

    vault backup: 2023-09-21 14:51:48

commit aeb9f7d33a6d449ee89aa1a4ad565a806cd40f8d
Author: 2198764529 <2198764529@qq.com>
Date:   Thu Sep 21 14:46:48 2023 +0800

    vault backup: 2023-09-21 14:46:48

commit 2eef9fcdc918fda4a67da25809fbd44f79492f3e
Author: 2198764529 <2198764529@qq.com>
Date:   Thu Sep 21 14:41:48 2023 +0800

    vault backup: 2023-09-21 14:41:48

commit 76d4637dddd757c27f5a01f5f91b0fc4f0175f77
Author: 2198764529 <2198764529@qq.com>
Date:   Tue Sep 19 19:31:36 2023 +0800

    vault backup: 2023-09-19 19:31:36

commit cb39a49d65602e317f7dc57cd1a4598928191046
Author: 2198764529 <2198764529@qq.com>
Date:   Tue Sep 19 19:26:36 2023 +0800

    vault backup: 2023-09-19 19:26:36

commit 6e1b148718c4de91505bf676f4ceef8e5cecf637
Author: 2198764529 <2198764529@qq.com>
Date:   Tue Sep 19 19:21:37 2023 +0800

    vault backup: 2023-09-19 19:21:37

commit a6b0ca9d6a314a41cdc02fe38e30288f3a9411f8
Author: 2198764529 <2198764529@qq.com>
Date:   Tue Sep 19 19:16:36 2023 +0800

    vault backup: 2023-09-19 19:16:36

commit 794df01e752f7520215c6ccc5ba2546f7fd91c36
Author: 2198764529 <2198764529@qq.com>
Date:   Tue Sep 19 19:11:35 2023 +0800

    vault backup: 2023-09-19 19:11:35

commit 9ea428fdcc04d011a9330eff33b703feb3c55df3
Author: 2198764529 <2198764529@qq.com>
Date:   Tue Sep 19 19:06:33 2023 +0800

    vault backup: 2023-09-19 19:06:33

commit 33033a226ff26af76ac95d19f35e7abe343b7875
Author: 2198764529 <2198764529@qq.com>
Date:   Tue Sep 19 19:01:07 2023 +0800

    vault backup: 2023-09-19 19:01:07

commit d331444408d8f0d3a0d41ee19c33b024c6135eb7
Author: 2198764529 <2198764529@qq.com>
Date:   Tue Sep 19 19:00:07 2023 +0800

    vault backup: 2023-09-19 19:00:07

commit 79d922d3a976be9cfa705edceb8b5b5050bf82c5
Author: 2198764529 <2198764529@qq.com>
Date:   Tue Sep 19 18:59:08 2023 +0800

    vault backup: 2023-09-19 18:59:08

commit d5277e59b5597a4b78c4ae863ffded52835532a9
Author: 2198764529 <2198764529@qq.com>
Date:   Tue Sep 19 18:58:07 2023 +0800

    vault backup: 2023-09-19 18:58:07

commit 168d3f1695ce230b2df11e1c00800b8cbc4b5627
Author: 2198764529 <2198764529@qq.com>
Date:   Tue Sep 19 18:56:06 2023 +0800

    vault backup: 2023-09-19 18:56:06

commit 236ebbcbf2ac2b16b09e972a9b1a837188a09fbd
Author: 2198764529 <2198764529@qq.com>
Date:   Tue Sep 19 18:55:06 2023 +0800

    vault backup: 2023-09-19 18:55:06

commit 983125a8f57d9340a6e48c177742e1da2f5b3b00
Author: 2198764529 <2198764529@qq.com>
Date:   Tue Sep 19 18:54:06 2023 +0800

    vault backup: 2023-09-19 18:54:06

commit 6278cf14b01802e3c63c08af14a133e57df173ca
Author: 2198764529 <2198764529@qq.com>
Date:   Tue Sep 19 18:53:06 2023 +0800

    vault backup: 2023-09-19 18:53:06

commit 63f45c46ea50d0e6152b59d0aa8f0430b34f11ec
Author: 2198764529 <2198764529@qq.com>
Date:   Tue Sep 19 18:51:02 2023 +0800

    2023-09-19 18:51:00: ...

commit 886aa13b67669b6723473aa4e2678322743be872
Author: 2198764529 <2198764529@qq.com>
Date:   Tue Sep 19 18:48:41 2023 +0800

    2023-09-19 18:48:38: ...

commit 642dcb056b3db8d47606e9c5ba323cd3dcf6d12e
Author: 2198764529@qq.com <2198764529@qq.com>
Date:   Tue Sep 19 18:15:10 2023 +0800

    测试

commit e72eea5c14ca61ee7a68b58f3be818b1e7179ee8
Author: 2198764529 <2198764529@qq.com>
Date:   Tue Aug 8 18:08:36 2023 +0800

    first commit
